[INFO ] 2025-01-14 15:56:43.325 [background-preinit] Version - HV000001: Hibernate Validator 8.0.1.Final
[INFO ] 2025-01-14 15:56:43.359 [main] TravelAgencyApplication - Starting TravelAgencyApplication using Java 21.0.2 with PID 16076 (C:\Users\Denys\Desktop\travel-agency\target\classes started by Denys in C:\Users\Denys\Desktop\travel-agency)
[INFO ] 2025-01-14 15:56:43.362 [main] TravelAgencyApplication - No active profile set, falling back to 1 default profile: "default"
[INFO ] 2025-01-14 15:56:44.265 [main] RepositoryConfigurationDelegate - Bootstrapping Spring Data JPA repositories in DEFAULT mode.
[INFO ] 2025-01-14 15:56:44.339 [main] RepositoryConfigurationDelegate - Finished Spring Data repository scanning in 65 ms. Found 5 JPA repository interfaces.
[INFO ] 2025-01-14 15:56:45.023 [main] TomcatWebServer - Tomcat initialized with port 8080 (http)
[INFO ] 2025-01-14 15:56:45.033 [main] Http11NioProtocol - Initializing ProtocolHandler ["http-nio-8080"]
[INFO ] 2025-01-14 15:56:45.035 [main] StandardService - Starting service [Tomcat]
[INFO ] 2025-01-14 15:56:45.035 [main] StandardEngine - Starting Servlet engine: [Apache Tomcat/10.1.17]
[INFO ] 2025-01-14 15:56:45.083 [main] [/] - Initializing Spring embedded WebApplicationContext
[INFO ] 2025-01-14 15:56:45.083 [main] ServletWebServerApplicationContext - Root WebApplicationContext: initialization completed in 1692 ms
[INFO ] 2025-01-14 15:56:45.244 [main] LogHelper - HHH000204: Processing PersistenceUnitInfo [name: default]
[INFO ] 2025-01-14 15:56:45.304 [main] Version - HHH000412: Hibernate ORM core version 6.4.1.Final
[INFO ] 2025-01-14 15:56:45.336 [main] RegionFactoryInitiator - HHH000026: Second-level cache disabled
[INFO ] 2025-01-14 15:56:45.552 [main] SpringPersistenceUnitInfo - No LoadTimeWeaver setup: ignoring JPA class transformer
[INFO ] 2025-01-14 15:56:45.578 [main] HikariDataSource - HikariPool-1 - Starting...
[INFO ] 2025-01-14 15:56:45.846 [main] HikariPool - HikariPool-1 - Added connection org.postgresql.jdbc.PgConnection@ba0018e
[INFO ] 2025-01-14 15:56:45.847 [main] HikariDataSource - HikariPool-1 - Start completed.
[WARN ] 2025-01-14 15:56:45.972 [main] deprecation - HHH90000025: PostgreSQLDialect does not need to be specified explicitly using 'hibernate.dialect' (remove the property setting and it will be selected by default)
[INFO ] 2025-01-14 15:56:46.823 [main] JtaPlatformInitiator - HHH000489: No JTA platform available (set 'hibernate.transaction.jta.platform' to enable JTA platform integration)
[INFO ] 2025-01-14 15:56:46.980 [main] LocalContainerEntityManagerFactoryBean - Initialized JPA EntityManagerFactory for persistence unit 'default'
[WARN ] 2025-01-14 15:56:47.886 [main] JpaBaseConfiguration$JpaWebConfiguration - spring.jpa.open-in-view is enabled by default. Therefore, database queries may be performed during view rendering. Explicitly configure spring.jpa.open-in-view to disable this warning
[INFO ] 2025-01-14 15:56:48.320 [main] DefaultSecurityFilterChain - Will secure any request with [org.springframework.security.web.session.DisableEncodeUrlFilter@519e0814, org.springframework.security.web.context.request.async.WebAsyncManagerIntegrationFilter@d1b9dd7, org.springframework.security.web.context.SecurityContextHolderFilter@28ab7ffb, org.springframework.security.web.header.HeaderWriterFilter@6ea0dfaa, org.springframework.web.filter.CorsFilter@7701b695, org.springframework.security.web.authentication.logout.LogoutFilter@4fd8aefe, com.denys.travel_agency.token.JwtAuthenticationFilter@70a3b, org.springframework.security.web.savedrequest.RequestCacheAwareFilter@5b3427c4, org.springframework.security.web.servletapi.SecurityContextHolderAwareRequestFilter@5275d709, org.springframework.security.web.authentication.AnonymousAuthenticationFilter@524945e2, org.springframework.security.web.session.SessionManagementFilter@51c7d472, org.springframework.security.web.access.ExceptionTranslationFilter@76d654, org.springframework.security.web.access.intercept.AuthorizationFilter@7671922b]
[INFO ] 2025-01-14 15:56:48.773 [main] Http11NioProtocol - Starting ProtocolHandler ["http-nio-8080"]
[INFO ] 2025-01-14 15:56:48.787 [main] TomcatWebServer - Tomcat started on port 8080 (http) with context path ''
[INFO ] 2025-01-14 15:56:48.793 [main] TravelAgencyApplication - Started TravelAgencyApplication in 5.7 seconds (process running for 6.583)
[INFO ] 2025-01-14 16:06:36.184 [SpringApplicationShutdownHook] LocalContainerEntityManagerFactoryBean - Closing JPA EntityManagerFactory for persistence unit 'default'
[INFO ] 2025-01-14 16:06:36.185 [SpringApplicationShutdownHook] HikariDataSource - HikariPool-1 - Shutdown initiated...
[INFO ] 2025-01-14 16:06:36.188 [SpringApplicationShutdownHook] HikariDataSource - HikariPool-1 - Shutdown completed.
